Arguments: 
  /usr/local/bin/node /usr/sbin/yarn init

PATH: 
  /home/kata/.bun/bin:/home/kata/.cargo/bin:/usr/local/sbin:/usr/local/bin:/usr/sbin:/usr/bin:/sbin:/bin:/usr/games:/usr/local/games:/usr/lib/wsl/lib:/mnt/c/Program Files (x86)/Razer Chroma SDK/bin:/mnt/c/Program Files/Razer Chroma SDK/bin:/mnt/c/Program Files (x86)/Razer/ChromaBroadcast/bin:/mnt/c/Program Files/Razer/ChromaBroadcast/bin:/mnt/c/Program Files/Oculus/Support/oculus-runtime:/mnt/c/Program Files/Alacritty/:/mnt/c/Program Files/Python39/Scripts/:/mnt/c/Program Files/Python39/:/mnt/c/windows/system32:/mnt/c/windows:/mnt/c/windows/System32/Wbem:/mnt/c/windows/System32/WindowsPowerShell/v1.0/:/mnt/c/windows/System32/OpenSSH/:/mnt/c/Program Files/NVIDIA Corporation/NVIDIA NvDLISR:/mnt/c/Program Files/Git/cmd:/mnt/c/Program Files/nodejs/:/mnt/c/users/samfl/appdata/roaming/python/python39/scripts:/mnt/c/WINDOWS/system32:/mnt/c/WINDOWS:/mnt/c/WINDOWS/System32/Wbem:/mnt/c/WINDOWS/System32/WindowsPowerShell/v1.0/:/mnt/c/WINDOWS/System32/OpenSSH/:/mnt/c/Program Files/dotnet/:/mnt/c/Program Files (x86)/NVIDIA Corporation/PhysX/Common:/mnt/c/WINDOWS/system32/config/systemprofile/AppData/Local/Microsoft/WindowsApps:/mnt/c/ProgramData/chocolatey/bin:/mnt/c/Users/samfl/AppData/Local/Programs/Python/Python310/Scripts/:/mnt/c/Users/samfl/AppData/Local/Programs/Python/Python310/:/mnt/c/Users/samfl/AppData/Local/Microsoft/WindowsApps:/mnt/c/Users/samfl/AppData/Roaming/npm:/mnt/c/Users/samfl/AppData/Local/Programs/Microsoft VS Code/bin:/mnt/c/Program Files/heroku/bin:/mnt/c/Program Files/Python39/:/mnt/c/Program Files/Python39/Scripts/:/mnt/c/users/samfl/.local/bin:/mnt/c/users/samfl/appdata/roaming/python/python39/scripts:/mnt/c/users/samfl/appdata/roaming/python/python39/site-packages:/mnt/c/Program Files/IPFS Desktop/resources/app.asar.unpacked/src/ipfs-on-path/scripts/bin-win:/mnt/c/Users/samfl/AppData/Local/Microsoft/WindowsApps:/mnt/c/Users/samfl/.dotnet/tools:/mnt/c/Program Files (x86)/Nmap:/mnt/c/Users/samfl/AppData/Local/Programs/Hyper/resources/bin:/mnt/c/Users/samfl/AppData/Local/atom/bin:/usr/bin/site_perl:/usr/bin/vendor_perl:/usr/bin/core_perl

Yarn version: 
  1.22.19

Node version: 
  16.15.1

Platform: 
  linux x64

Trace: 
  Error: canceled
      at Interface.<anonymous> (/usr/lib/node_modules/yarn/lib/cli.js:137150:13)
      at Interface.emit (node:events:527:28)
      at Interface._ttyWrite (node:readline:1081:16)
      at ReadStream.onkeypress (node:readline:288:10)
      at ReadStream.emit (node:events:527:28)
      at emitKeys (node:internal/readline/utils:358:14)
      at emitKeys.next (<anonymous>)
      at ReadStream.onData (node:internal/readline/emitKeypressEvents:61:36)
      at ReadStream.emit (node:events:527:28)
      at addChunk (node:internal/streams/readable:315:12)

npm manifest: 
  No manifest

yarn manifest: 
  No manifest

Lockfile: 
  No lockfile
